<?xml version="1.0" encoding="UTF-8"?>
<!-- Generated by org.testng.reporters.JUnitReportReporter -->
<testsuite skipped="0" hostname="MD1N0QGC" name="automationTestCases.FLTY_2_Elec_Risk_Assessment_Page_Abort_Chrome" tests="1" failures="0" timestamp="05 Jan 2018 18:15:18 GMT" time="48.141" errors="0">
  <testcase name="main" time="48.141" classname="automationTestCases.FLTY_2_Elec_Risk_Assessment_Page_Abort_Chrome"/>
</testsuite> <!-- automationTestCases.FLTY_2_Elec_Risk_Assessment_Page_Abort_Chrome -->
