<?xml version="1.0" encoding="UTF-8"?>
<!-- Generated by org.testng.reporters.JUnitReportReporter -->
<testsuite skipped="0" hostname="MD1N0QGC" name="automationTestCases.Exchange_2_Appointment_Details_Page_Abort_No_Access_Chrome" tests="1" failures="0" timestamp="04 Jan 2018 17:20:39 GMT" time="22.453" errors="0">
  <testcase name="main" time="22.453" classname="automationTestCases.Exchange_2_Appointment_Details_Page_Abort_No_Access_Chrome"/>
</testsuite> <!-- automationTestCases.Exchange_2_Appointment_Details_Page_Abort_No_Access_Chrome -->
