<?xml version="1.0" encoding="UTF-8"?>
<!-- Generated by org.testng.reporters.JUnitReportReporter -->
<testsuite skipped="0" hostname="MD1N0QGC" name="automationTestCases.FLTY_17_Gas_Suitable_For_Smart_Installation_Abort_Chrome" tests="1" failures="0" timestamp="04 Jan 2018 17:20:39 GMT" time="119.754" errors="0">
  <testcase name="main" time="119.754" classname="automationTestCases.FLTY_17_Gas_Suitable_For_Smart_Installation_Abort_Chrome"/>
</testsuite> <!-- automationTestCases.FLTY_17_Gas_Suitable_For_Smart_Installation_Abort_Chrome -->
