<?xml version="1.0" encoding="UTF-8"?>
<!-- Generated by org.testng.reporters.JUnitReportReporter -->
<testsuite skipped="0" hostname="MD1N0QGC" name="automationTestCases.Asset_Management_Stock_Take_Chrome" tests="1" failures="0" timestamp="11 Apr 2018 10:55:47 GMT" time="28.097" errors="0">
  <testcase name="main" time="28.097" classname="automationTestCases.Asset_Management_Stock_Take_Chrome"/>
</testsuite> <!-- automationTestCases.Asset_Management_Stock_Take_Chrome -->
