<?xml version="1.0" encoding="UTF-8"?>
<!-- Generated by org.testng.reporters.JUnitReportReporter -->
<testsuite skipped="0" hostname="MD1N0QGC" name="automationTestCases.Exchange_1_End_To_End_Spark_Chrome" tests="1" failures="0" timestamp="14 Mar 2018 18:22:55 GMT" time="84.825" errors="0">
  <testcase name="main" time="84.825" classname="automationTestCases.Exchange_1_End_To_End_Spark_Chrome"/>
</testsuite> <!-- automationTestCases.Exchange_1_End_To_End_Spark_Chrome -->
