<?xml version="1.0" encoding="UTF-8"?>
<!-- Generated by org.testng.reporters.JUnitReportReporter -->
<testsuite skipped="0" hostname="MD1N0QGC" name="automationTestCases.Exchange_5_Elec_Initial_Polarity_Check_At_Meter_Page_Abort_Chrome" tests="1" failures="0" timestamp="14 Mar 2018 18:22:55 GMT" time="49.969" errors="0">
  <testcase name="main" time="49.969" classname="automationTestCases.Exchange_5_Elec_Initial_Polarity_Check_At_Meter_Page_Abort_Chrome"/>
</testsuite> <!-- automationTestCases.Exchange_5_Elec_Initial_Polarity_Check_At_Meter_Page_Abort_Chrome -->
