<?xml version="1.0" encoding="UTF-8"?>
<!-- Generated by org.testng.reporters.JUnitReportReporter -->
<testsuite skipped="0" hostname="MD1N0QGC" name="automationTestCases.Exchange_11_End_To_End_Chrome" tests="1" failures="0" timestamp="14 Mar 2018 18:22:56 GMT" time="86.953" errors="0">
  <testcase name="main" time="86.953" classname="automationTestCases.Exchange_11_End_To_End_Chrome"/>
</testsuite> <!-- automationTestCases.Exchange_11_End_To_End_Chrome -->
