<?xml version="1.0" encoding="UTF-8"?>
<!-- Generated by org.testng.reporters.JUnitReportReporter -->
<testsuite skipped="0" hostname="MD1N0QGC" name="automationTestCases.AA_Logon_Water" tests="1" failures="0" timestamp="04 Jan 2018 17:20:39 GMT" time="13.197" errors="0">
  <testcase name="main" time="13.197" classname="automationTestCases.AA_Logon_Water"/>
</testsuite> <!-- automationTestCases.AA_Logon_Water -->
