<?xml version="1.0" encoding="UTF-8"?>
<!-- Generated by org.testng.reporters.JUnitReportReporter -->
<testsuite skipped="0" hostname="MD1N0QGC" name="automationTestCases.INST_8_Appointment_Details_Page_Abort_No_Access_ECOT_Chrome" tests="1" failures="0" timestamp="26 Mar 2018 15:04:21 GMT" time="23.858" errors="0">
  <testcase name="main" time="23.858" classname="automationTestCases.INST_8_Appointment_Details_Page_Abort_No_Access_ECOT_Chrome"/>
</testsuite> <!-- automationTestCases.INST_8_Appointment_Details_Page_Abort_No_Access_ECOT_Chrome -->
