<?xml version="1.0" encoding="UTF-8"?>
<!-- Generated by org.testng.reporters.JUnitReportReporter -->
<testsuite skipped="0" hostname="MD1N0QGC" name="automationTestCases.Exchange_1_Gas_Risk_Assessment_Gas_Abort_Low_Pressure_Chrome" tests="1" failures="0" timestamp="05 Jan 2018 18:15:17 GMT" time="49.234" errors="0">
  <testcase name="main" time="49.234" classname="automationTestCases.Exchange_1_Gas_Risk_Assessment_Gas_Abort_Low_Pressure_Chrome"/>
</testsuite> <!-- automationTestCases.Exchange_1_Gas_Risk_Assessment_Gas_Abort_Low_Pressure_Chrome -->
