<?xml version="1.0" encoding="UTF-8"?>
<!-- Generated by org.testng.reporters.JUnitReportReporter -->
<testsuite skipped="0" hostname="MD1N0QGC" name="automationTestCases.INST_8_Appointment_Details_Page_Abort_No_Access_ECOT_Chrome" tests="1" failures="0" timestamp="16 Mar 2018 14:51:30 GMT" time="24.120" errors="0">
  <testcase name="main" time="24.120" classname="automationTestCases.INST_8_Appointment_Details_Page_Abort_No_Access_ECOT_Chrome"/>
</testsuite> <!-- automationTestCases.INST_8_Appointment_Details_Page_Abort_No_Access_ECOT_Chrome -->
