<?xml version="1.0" encoding="UTF-8"?>
<!-- Generated by org.testng.reporters.JUnitReportReporter -->
<testsuite skipped="0" hostname="MD1N0QGC" name="automationTestCases.INST_3_Doorstep_Protocol_Page_Abort_Doorstep_Procedure_Fail_ECOT_Chrome" tests="1" failures="0" timestamp="25 Jun 2018 14:17:49 GMT" time="78.582" errors="0">
  <testcase name="main" time="78.582" classname="automationTestCases.INST_3_Doorstep_Protocol_Page_Abort_Doorstep_Procedure_Fail_ECOT_Chrome"/>
</testsuite> <!-- automationTestCases.INST_3_Doorstep_Protocol_Page_Abort_Doorstep_Procedure_Fail_ECOT_Chrome -->
