<?xml version="1.0" encoding="UTF-8"?>
<!-- Generated by org.testng.reporters.JUnitReportReporter -->
<testsuite skipped="0" hostname="MD1N0QGC" name="automationTestCases.FLTY_17_Gas_Risk_Assessment_Gas_Abort_Med_Pressure_Chrome" tests="1" failures="0" timestamp="04 Jan 2018 17:20:39 GMT" time="115.372" errors="0">
  <testcase name="main" time="115.372" classname="automationTestCases.FLTY_17_Gas_Risk_Assessment_Gas_Abort_Med_Pressure_Chrome"/>
</testsuite> <!-- automationTestCases.FLTY_17_Gas_Risk_Assessment_Gas_Abort_Med_Pressure_Chrome -->
