<?xml version="1.0" encoding="UTF-8"?>
<!-- Generated by org.testng.reporters.JUnitReportReporter -->
<testsuite skipped="0" hostname="MD1N0QGC" name="automationTestCases.Exchange_1_End_To_End_Spark_Chrome" tests="1" failures="0" timestamp="21 Mar 2018 18:02:36 GMT" time="89.135" errors="0">
  <testcase name="main" time="89.135" classname="automationTestCases.Exchange_1_End_To_End_Spark_Chrome"/>
</testsuite> <!-- automationTestCases.Exchange_1_End_To_End_Spark_Chrome -->
