<?xml version="1.0" encoding="UTF-8"?>
<!-- Generated by org.testng.reporters.JUnitReportReporter -->
<testsuite skipped="0" hostname="MD1N0QGC" name="automationTestCases.RMVE_1_Gas_Risk_Assessment_Gas_Abort_Med_Pressure_Chrome" tests="1" failures="0" timestamp="21 Mar 2018 18:02:37 GMT" time="45.749" errors="0">
  <testcase name="main" time="45.749" classname="automationTestCases.RMVE_1_Gas_Risk_Assessment_Gas_Abort_Med_Pressure_Chrome"/>
</testsuite> <!-- automationTestCases.RMVE_1_Gas_Risk_Assessment_Gas_Abort_Med_Pressure_Chrome -->
