<?xml version="1.0" encoding="UTF-8"?>
<!-- Generated by org.testng.reporters.JUnitReportReporter -->
<testsuite skipped="0" hostname="MD1N0QGC" name="automationTestCases.Asset_Management_Add_Assets_Chrome" tests="1" failures="0" timestamp="14 Mar 2018 18:22:56 GMT" time="24.652" errors="0">
  <testcase name="main" time="24.652" classname="automationTestCases.Asset_Management_Add_Assets_Chrome"/>
</testsuite> <!-- automationTestCases.Asset_Management_Add_Assets_Chrome -->
