<?xml version="1.0" encoding="UTF-8"?>
<!-- Generated by org.testng.reporters.JUnitReportReporter -->
<testsuite skipped="0" hostname="MD1N0QGC" name="automationTestCases.Exchange_3_Gas_Meter_Post_Installation_Gas_Tightness_Test_Abort_Chrome" tests="1" failures="0" timestamp="14 Mar 2018 18:22:56 GMT" time="138.920" errors="0">
  <testcase name="main" time="138.920" classname="automationTestCases.Exchange_3_Gas_Meter_Post_Installation_Gas_Tightness_Test_Abort_Chrome"/>
</testsuite> <!-- automationTestCases.Exchange_3_Gas_Meter_Post_Installation_Gas_Tightness_Test_Abort_Chrome -->
