<?xml version="1.0" encoding="UTF-8"?>
<!-- Generated by org.testng.reporters.JUnitReportReporter -->
<testsuite skipped="0" hostname="MD1N0QGC" name="automationTestCases.Asset_Management_Add_Assets_Chrome" tests="1" failures="0" timestamp="03 Jul 2018 12:27:37 GMT" time="60.280" errors="0">
  <testcase name="main" time="60.280" classname="automationTestCases.Asset_Management_Add_Assets_Chrome"/>
</testsuite> <!-- automationTestCases.Asset_Management_Add_Assets_Chrome -->
