<?xml version="1.0" encoding="UTF-8"?>
<!-- Generated by org.testng.reporters.JUnitReportReporter -->
<testsuite skipped="0" hostname="MD1N0QGC" name="automationTestCases.INST_5_Doorstep_Protocol_Page_Abort_Doorstep_Procedure_Fail_Chrome" tests="1" failures="0" timestamp="14 Mar 2018 18:22:56 GMT" time="39.920" errors="0">
  <testcase name="main" time="39.920" classname="automationTestCases.INST_5_Doorstep_Protocol_Page_Abort_Doorstep_Procedure_Fail_Chrome"/>
</testsuite> <!-- automationTestCases.INST_5_Doorstep_Protocol_Page_Abort_Doorstep_Procedure_Fail_Chrome -->
