<?xml version="1.0" encoding="UTF-8"?>
<!-- Generated by org.testng.reporters.JUnitReportReporter -->
<testsuite skipped="0" hostname="MD1N0QGC" name="automationTestCases.Exchange_5_End_To_End_Chrome" tests="1" failures="0" timestamp="14 Mar 2018 18:22:55 GMT" time="84.647" errors="0">
  <testcase name="main" time="84.647" classname="automationTestCases.Exchange_5_End_To_End_Chrome"/>
</testsuite> <!-- automationTestCases.Exchange_5_End_To_End_Chrome -->
