<?xml version="1.0" encoding="UTF-8"?>
<!-- Generated by org.testng.reporters.JUnitReportReporter -->
<testsuite skipped="0" hostname="MD1N0QGC" name="automationTestCases.Exchange_3_Doorstep_Protocol_Page_Suspend_Doorstep_Procedure_Fail_Chrome" tests="1" failures="0" timestamp="21 Mar 2018 18:02:37 GMT" time="62.298" errors="0">
  <testcase name="main" time="62.298" classname="automationTestCases.Exchange_3_Doorstep_Protocol_Page_Suspend_Doorstep_Procedure_Fail_Chrome"/>
</testsuite> <!-- automationTestCases.Exchange_3_Doorstep_Protocol_Page_Suspend_Doorstep_Procedure_Fail_Chrome -->
