<?xml version="1.0" encoding="UTF-8"?>
<!-- Generated by org.testng.reporters.JUnitReportReporter -->
<testsuite skipped="0" hostname="MD1N0QGC" name="automationTestCases.INST_8_Elec_Found_Meter_Details_End_To_End_ECOT_Chrome" tests="1" failures="0" timestamp="26 Mar 2018 15:06:43 GMT" time="80.154" errors="0">
  <testcase name="main" time="80.154" classname="automationTestCases.INST_8_Elec_Found_Meter_Details_End_To_End_ECOT_Chrome"/>
</testsuite> <!-- automationTestCases.INST_8_Elec_Found_Meter_Details_End_To_End_ECOT_Chrome -->
