<?xml version="1.0" encoding="UTF-8"?>
<!-- Generated by org.testng.reporters.JUnitReportReporter -->
<testsuite skipped="0" hostname="MD1N0QGC" name="automationTestCases.INST_12_Elec_Suitable_For_Smart_Installation_Page_Abort_ECOT_Chrome" tests="1" failures="0" timestamp="13 Apr 2018 14:51:45 GMT" time="113.572" errors="0">
  <testcase name="main" time="113.572" classname="automationTestCases.INST_12_Elec_Suitable_For_Smart_Installation_Page_Abort_ECOT_Chrome"/>
</testsuite> <!-- automationTestCases.INST_12_Elec_Suitable_For_Smart_Installation_Page_Abort_ECOT_Chrome -->
