<?xml version="1.0" encoding="UTF-8"?>
<!-- Generated by org.testng.reporters.JUnitReportReporter -->
<testsuite skipped="0" hostname="MD1N0QGC" name="automationTestCases.Exchange_3_Elec_Initial_Polarity_Check_At_Meter_Page_Abort_Chrome" tests="1" failures="0" timestamp="04 Jan 2018 17:20:39 GMT" time="78.443" errors="0">
  <testcase name="main" time="78.443" classname="automationTestCases.Exchange_3_Elec_Initial_Polarity_Check_At_Meter_Page_Abort_Chrome"/>
</testsuite> <!-- automationTestCases.Exchange_3_Elec_Initial_Polarity_Check_At_Meter_Page_Abort_Chrome -->
