<?xml version="1.0" encoding="UTF-8"?>
<!-- Generated by org.testng.reporters.JUnitReportReporter -->
<testsuite skipped="0" hostname="MD1N0QGC" name="automationTestCases.FLTY_17_End_To_End_Chrome" tests="1" failures="0" timestamp="21 Mar 2018 18:02:37 GMT" time="141.553" errors="0">
  <testcase name="main" time="141.553" classname="automationTestCases.FLTY_17_End_To_End_Chrome"/>
</testsuite> <!-- automationTestCases.FLTY_17_End_To_End_Chrome -->
