<?xml version="1.0" encoding="UTF-8"?>
<!-- Generated by org.testng.reporters.JUnitReportReporter -->
<testsuite skipped="0" hostname="MD1N0QGC" name="automationTestCases.Exchange_5_Elec_Initial_Risk_Assessment_Page_Abort_Chrome" tests="1" failures="0" timestamp="05 Jan 2018 18:15:18 GMT" time="46.672" errors="0">
  <testcase name="main" time="46.672" classname="automationTestCases.Exchange_5_Elec_Initial_Risk_Assessment_Page_Abort_Chrome"/>
</testsuite> <!-- automationTestCases.Exchange_5_Elec_Initial_Risk_Assessment_Page_Abort_Chrome -->
