<?xml version="1.0" encoding="UTF-8"?>
<!-- Generated by org.testng.reporters.JUnitReportReporter -->
<testsuite skipped="0" hostname="MD1N0QGC" name="automationTestCases.INST_8_Doorstep_Protocol_Page_Abort_Doorstep_Procedure_Fail_ECOT_Chrome" tests="1" failures="0" timestamp="21 Mar 2018 18:02:37 GMT" time="40.207" errors="0">
  <testcase name="main" time="40.207" classname="automationTestCases.INST_8_Doorstep_Protocol_Page_Abort_Doorstep_Procedure_Fail_ECOT_Chrome"/>
</testsuite> <!-- automationTestCases.INST_8_Doorstep_Protocol_Page_Abort_Doorstep_Procedure_Fail_ECOT_Chrome -->
