<?xml version="1.0" encoding="UTF-8"?>
<!-- Generated by org.testng.reporters.JUnitReportReporter -->
<testsuite skipped="0" hostname="MD1N0QGC" name="automationTestCases.NMEX_5_Elec_Risk_Assessment_Page_Abort_Chrome" tests="1" failures="0" timestamp="14 Mar 2018 18:22:56 GMT" time="45.167" errors="0">
  <testcase name="main" time="45.167" classname="automationTestCases.NMEX_5_Elec_Risk_Assessment_Page_Abort_Chrome"/>
</testsuite> <!-- automationTestCases.NMEX_5_Elec_Risk_Assessment_Page_Abort_Chrome -->
