<?xml version="1.0" encoding="UTF-8"?>
<!-- Generated by org.testng.reporters.JUnitReportReporter -->
<testsuite skipped="0" hostname="MD1N0QGC" name="automationTestCases.FLTY_2_Doorstep_Protocol_Page_Abort_Doorstep_Procedure_Fail_Chrome" tests="1" failures="0" timestamp="21 Mar 2018 18:02:36 GMT" time="40.677" errors="0">
  <testcase name="main" time="40.677" classname="automationTestCases.FLTY_2_Doorstep_Protocol_Page_Abort_Doorstep_Procedure_Fail_Chrome"/>
</testsuite> <!-- automationTestCases.FLTY_2_Doorstep_Protocol_Page_Abort_Doorstep_Procedure_Fail_Chrome -->
