<?xml version="1.0" encoding="UTF-8"?>
<!-- Generated by org.testng.reporters.JUnitReportReporter -->
<testsuite skipped="0" hostname="MD1N0QGC" name="automationTestCases.Asset_Management_Stock_Take_Chrome" tests="1" failures="0" timestamp="04 Jan 2018 17:20:39 GMT" time="19.286" errors="0">
  <testcase name="main" time="19.286" classname="automationTestCases.Asset_Management_Stock_Take_Chrome"/>
</testsuite> <!-- automationTestCases.Asset_Management_Stock_Take_Chrome -->
