<?xml version="1.0" encoding="UTF-8"?>
<!-- Generated by org.testng.reporters.JUnitReportReporter -->
<testsuite skipped="0" hostname="MD1N0QGC" name="automationTestCases.Exchange_3_Appointment_Details_Page_Abort_No_Access_Chrome" tests="1" failures="0" timestamp="21 Mar 2018 18:02:36 GMT" time="42.412" errors="0">
  <testcase name="main" time="42.412" classname="automationTestCases.Exchange_3_Appointment_Details_Page_Abort_No_Access_Chrome"/>
</testsuite> <!-- automationTestCases.Exchange_3_Appointment_Details_Page_Abort_No_Access_Chrome -->
