<?xml version="1.0" encoding="UTF-8"?>
<!-- Generated by org.testng.reporters.JUnitReportReporter -->
<testsuite skipped="0" hostname="MD1N0QGC" name="automationTestCases.FLTY_17_Gas_Risk_Assessment_Gas_Abort_Low_Pressure_Chrome" tests="1" failures="0" timestamp="14 Mar 2018 18:22:56 GMT" time="116.455" errors="0">
  <testcase name="main" time="116.455" classname="automationTestCases.FLTY_17_Gas_Risk_Assessment_Gas_Abort_Low_Pressure_Chrome"/>
</testsuite> <!-- automationTestCases.FLTY_17_Gas_Risk_Assessment_Gas_Abort_Low_Pressure_Chrome -->
