<?xml version="1.0" encoding="UTF-8"?>
<!-- Generated by org.testng.reporters.JUnitReportReporter -->
<testsuite skipped="0" hostname="MD1N0QGC" name="automationTestCases.INST_12_Doorstep_Protocol_Page_Abort_Doorstep_Procedure_Fail_ECOT_Chrome" tests="1" failures="0" timestamp="27 Mar 2018 08:35:37 GMT" time="63.732" errors="0">
  <testcase name="main" time="63.732" classname="automationTestCases.INST_12_Doorstep_Protocol_Page_Abort_Doorstep_Procedure_Fail_ECOT_Chrome"/>
</testsuite> <!-- automationTestCases.INST_12_Doorstep_Protocol_Page_Abort_Doorstep_Procedure_Fail_ECOT_Chrome -->
