<?xml version="1.0" encoding="UTF-8"?>
<!-- Generated by org.testng.reporters.JUnitReportReporter -->
<testsuite skipped="0" hostname="MD1N0QGC" name="automationTestCases.Exchange_9_Gas_Meter_Initial_Risk_Assessment_Gas_Abort_Chrome" tests="1" failures="0" timestamp="21 Mar 2018 18:02:37 GMT" time="114.380" errors="0">
  <testcase name="main" time="114.380" classname="automationTestCases.Exchange_9_Gas_Meter_Initial_Risk_Assessment_Gas_Abort_Chrome"/>
</testsuite> <!-- automationTestCases.Exchange_9_Gas_Meter_Initial_Risk_Assessment_Gas_Abort_Chrome -->
