<?xml version="1.0" encoding="UTF-8"?>
<!-- Generated by org.testng.reporters.JUnitReportReporter -->
<testsuite skipped="0" hostname="MD1N0QGC" name="automationTestCases.Exchange_3_Elec_HAN_WAN_Checks_Page_Abort_Chrome" tests="1" failures="0" timestamp="05 Jan 2018 18:15:18 GMT" time="116.144" errors="0">
  <testcase name="main" time="116.144" classname="automationTestCases.Exchange_3_Elec_HAN_WAN_Checks_Page_Abort_Chrome"/>
</testsuite> <!-- automationTestCases.Exchange_3_Elec_HAN_WAN_Checks_Page_Abort_Chrome -->
