<?xml version="1.0" encoding="UTF-8"?>
<!-- Generated by org.testng.reporters.JUnitReportReporter -->
<testsuite skipped="0" hostname="MD1N0QGC" name="automationTestCases.NMEX_5_End_To_End_Chrome" tests="1" failures="0" timestamp="05 Jan 2018 18:15:17 GMT" time="55.437" errors="0">
  <testcase name="main" time="55.437" classname="automationTestCases.NMEX_5_End_To_End_Chrome"/>
</testsuite> <!-- automationTestCases.NMEX_5_End_To_End_Chrome -->
