<?xml version="1.0" encoding="UTF-8"?>
<!-- Generated by org.testng.reporters.JUnitReportReporter -->
<testsuite skipped="0" hostname="MD1N0QGC" name="automationTestCases.NMEX_5_End_To_End_Chrome" tests="1" failures="0" timestamp="21 Mar 2018 18:02:37 GMT" time="54.590" errors="0">
  <testcase name="main" time="54.590" classname="automationTestCases.NMEX_5_End_To_End_Chrome"/>
</testsuite> <!-- automationTestCases.NMEX_5_End_To_End_Chrome -->
