<?xml version="1.0" encoding="UTF-8"?>
<!-- Generated by org.testng.reporters.JUnitReportReporter -->
<testsuite skipped="0" hostname="MD1N0QGC" name="automationTestCases.Exchange_3_Gas_Meter_Pre_Installation_Gas_Tightness_Test_Failed_Test_Abort_Chrome" tests="1" failures="0" timestamp="05 Jan 2018 18:15:17 GMT" time="130.473" errors="0">
  <testcase name="main" time="130.473" classname="automationTestCases.Exchange_3_Gas_Meter_Pre_Installation_Gas_Tightness_Test_Failed_Test_Abort_Chrome"/>
</testsuite> <!-- automationTestCases.Exchange_3_Gas_Meter_Pre_Installation_Gas_Tightness_Test_Failed_Test_Abort_Chrome -->
