<?xml version="1.0" encoding="UTF-8"?>
<!-- Generated by org.testng.reporters.JUnitReportReporter -->
<testsuite skipped="0" hostname="MD1N0QGC" name="automationTestCases.INST_8_Doorstep_Protocol_Page_Abort_Doorstep_Procedure_Fail_ECOT_Chrome" tests="1" failures="0" timestamp="16 Mar 2018 10:57:14 GMT" time="44.262" errors="0">
  <testcase name="main" time="44.262" classname="automationTestCases.INST_8_Doorstep_Protocol_Page_Abort_Doorstep_Procedure_Fail_ECOT_Chrome"/>
</testsuite> <!-- automationTestCases.INST_8_Doorstep_Protocol_Page_Abort_Doorstep_Procedure_Fail_ECOT_Chrome -->
