<?xml version="1.0" encoding="UTF-8"?>
<!-- Generated by org.testng.reporters.JUnitReportReporter -->
<testsuite skipped="0" hostname="MD1N0QGC" name="automationTestCases.FLTY_2_Elec_Determine_Emergency_Call_Out_Page_Abort_Chrome" tests="1" failures="0" timestamp="05 Jan 2018 18:15:17 GMT" time="49.477" errors="0">
  <testcase name="main" time="49.477" classname="automationTestCases.FLTY_2_Elec_Determine_Emergency_Call_Out_Page_Abort_Chrome"/>
</testsuite> <!-- automationTestCases.FLTY_2_Elec_Determine_Emergency_Call_Out_Page_Abort_Chrome -->
