<?xml version="1.0" encoding="UTF-8"?>
<!-- Generated by org.testng.reporters.JUnitReportReporter -->
<testsuite skipped="0" hostname="MD1N0QGC" name="automationTestCases.Exchange_1_Appointment_Details_Page_Abort_No_Access_Spark_Chrome" tests="1" failures="0" timestamp="21 Mar 2018 18:02:37 GMT" time="21.514" errors="0">
  <testcase name="main" time="21.514" classname="automationTestCases.Exchange_1_Appointment_Details_Page_Abort_No_Access_Spark_Chrome"/>
</testsuite> <!-- automationTestCases.Exchange_1_Appointment_Details_Page_Abort_No_Access_Spark_Chrome -->
