<?xml version="1.0" encoding="UTF-8"?>
<!-- Generated by org.testng.reporters.JUnitReportReporter -->
<testsuite skipped="0" hostname="MD1N0QGC" name="automationTestCases.FLTY_2_Elec_Initial_Risk_Assessment_Page_Abort_Chrome" tests="1" failures="0" timestamp="21 Mar 2018 18:02:36 GMT" time="44.975" errors="0">
  <testcase name="main" time="44.975" classname="automationTestCases.FLTY_2_Elec_Initial_Risk_Assessment_Page_Abort_Chrome"/>
</testsuite> <!-- automationTestCases.FLTY_2_Elec_Initial_Risk_Assessment_Page_Abort_Chrome -->
