<?xml version="1.0" encoding="UTF-8"?>
<!-- Generated by org.testng.reporters.JUnitReportReporter -->
<testsuite skipped="0" hostname="MD1N0QGC" name="automationTestCases.RMVE_1_End_To_End_Chrome" tests="1" failures="0" timestamp="04 Jan 2018 17:20:39 GMT" time="49.964" errors="0">
  <testcase name="main" time="49.964" classname="automationTestCases.RMVE_1_End_To_End_Chrome"/>
</testsuite> <!-- automationTestCases.RMVE_1_End_To_End_Chrome -->
