<?xml version="1.0" encoding="UTF-8"?>
<!-- Generated by org.testng.reporters.JUnitReportReporter -->
<testsuite skipped="0" hostname="MD1N0QGC" name="automationTestCases.FLTY_17_Appointment_Details_Page_Abort_No_Access_Chrome" tests="1" failures="0" timestamp="21 Mar 2018 18:02:37 GMT" time="41.351" errors="0">
  <testcase name="main" time="41.351" classname="automationTestCases.FLTY_17_Appointment_Details_Page_Abort_No_Access_Chrome"/>
</testsuite> <!-- automationTestCases.FLTY_17_Appointment_Details_Page_Abort_No_Access_Chrome -->
