<?xml version="1.0" encoding="UTF-8"?>
<!-- Generated by org.testng.reporters.JUnitReportReporter -->
<testsuite skipped="0" hostname="MD1N0QGC" name="automationTestCases.FLTY_2_End_To_End_Chrome" tests="1" failures="0" timestamp="04 Jan 2018 17:20:39 GMT" time="106.573" errors="0">
  <testcase name="main" time="106.573" classname="automationTestCases.FLTY_2_End_To_End_Chrome"/>
</testsuite> <!-- automationTestCases.FLTY_2_End_To_End_Chrome -->
