<?xml version="1.0" encoding="UTF-8"?>
<!-- Generated by org.testng.reporters.JUnitReportReporter -->
<testsuite skipped="0" hostname="MD1N0QGC" name="automationTestCases.FLTY_17_Gas_Meter_Post_Installation_Gas_Tightness_Test_Abort_Chrome" tests="1" failures="0" timestamp="21 Mar 2018 18:02:37 GMT" time="143.071" errors="0">
  <testcase name="main" time="143.071" classname="automationTestCases.FLTY_17_Gas_Meter_Post_Installation_Gas_Tightness_Test_Abort_Chrome"/>
</testsuite> <!-- automationTestCases.FLTY_17_Gas_Meter_Post_Installation_Gas_Tightness_Test_Abort_Chrome -->
