<?xml version="1.0" encoding="UTF-8"?>
<!-- Generated by org.testng.reporters.JUnitReportReporter -->
<testsuite skipped="0" hostname="MD1N0QGC" name="automationTestCases.NMEX_5_Appointment_Details_Page_Abort_No_Access_Chrome" tests="1" failures="0" timestamp="05 Jan 2018 18:15:17 GMT" time="22.803" errors="0">
  <testcase name="main" time="22.803" classname="automationTestCases.NMEX_5_Appointment_Details_Page_Abort_No_Access_Chrome"/>
</testsuite> <!-- automationTestCases.NMEX_5_Appointment_Details_Page_Abort_No_Access_Chrome -->
