<?xml version="1.0" encoding="UTF-8"?>
<!-- Generated by org.testng.reporters.JUnitReportReporter -->
<testsuite skipped="0" hostname="MD1N0QGC" name="automationTestCases.Exchange_2_Elec_Initial_Risk_Assessment_Page_Abort_Chrome" tests="1" failures="0" timestamp="21 Mar 2018 18:02:37 GMT" time="45.312" errors="0">
  <testcase name="main" time="45.312" classname="automationTestCases.Exchange_2_Elec_Initial_Risk_Assessment_Page_Abort_Chrome"/>
</testsuite> <!-- automationTestCases.Exchange_2_Elec_Initial_Risk_Assessment_Page_Abort_Chrome -->
