<?xml version="1.0" encoding="UTF-8"?>
<!-- Generated by org.testng.reporters.JUnitReportReporter -->
<testsuite skipped="0" hostname="MD1N0QGC" name="automationTestCases.INST_8_Elec_Initial_Polarity_Check_At_Meter_Page_Abort_ECOT_Chrome" tests="1" failures="0" timestamp="26 Mar 2018 15:07:40 GMT" time="50.509" errors="0">
  <testcase name="main" time="50.509" classname="automationTestCases.INST_8_Elec_Initial_Polarity_Check_At_Meter_Page_Abort_ECOT_Chrome"/>
</testsuite> <!-- automationTestCases.INST_8_Elec_Initial_Polarity_Check_At_Meter_Page_Abort_ECOT_Chrome -->
