<?xml version="1.0" encoding="UTF-8"?>
<!-- Generated by org.testng.reporters.JUnitReportReporter -->
<testsuite skipped="0" hostname="MD1N0QGC" name="automationTestCases.INST_8_Doorstep_Protocol_Page_Abort_Doorstep_Procedure_Fail_ECOT_Chrome" tests="1" failures="0" timestamp="26 Mar 2018 15:05:12 GMT" time="43.904" errors="0">
  <testcase name="main" time="43.904" classname="automationTestCases.INST_8_Doorstep_Protocol_Page_Abort_Doorstep_Procedure_Fail_ECOT_Chrome"/>
</testsuite> <!-- automationTestCases.INST_8_Doorstep_Protocol_Page_Abort_Doorstep_Procedure_Fail_ECOT_Chrome -->
