<?xml version="1.0" encoding="UTF-8"?>
<!-- Generated by org.testng.reporters.JUnitReportReporter -->
<testsuite skipped="0" hostname="MD1N0QGC" name="automationTestCases.INST_8_Elec_Initial_Risk_Assessment_Page_Abort_ECOT_Chrome" tests="1" failures="0" timestamp="26 Mar 2018 15:11:47 GMT" time="46.040" errors="0">
  <testcase name="main" time="46.040" classname="automationTestCases.INST_8_Elec_Initial_Risk_Assessment_Page_Abort_ECOT_Chrome"/>
</testsuite> <!-- automationTestCases.INST_8_Elec_Initial_Risk_Assessment_Page_Abort_ECOT_Chrome -->
