<?xml version="1.0" encoding="UTF-8"?>
<!-- Generated by org.testng.reporters.JUnitReportReporter -->
<testsuite skipped="0" hostname="MD1N0QGC" name="automationTestCases.Exchange_11_Doorstep_Protocol_Page_Abort_Doorstep_Procedure_Fail_Chrome" tests="1" failures="0" timestamp="05 Jan 2018 18:15:17 GMT" time="42.231" errors="0">
  <testcase name="main" time="42.231" classname="automationTestCases.Exchange_11_Doorstep_Protocol_Page_Abort_Doorstep_Procedure_Fail_Chrome"/>
</testsuite> <!-- automationTestCases.Exchange_11_Doorstep_Protocol_Page_Abort_Doorstep_Procedure_Fail_Chrome -->
