<?xml version="1.0" encoding="UTF-8"?>
<!-- Generated by org.testng.reporters.JUnitReportReporter -->
<testsuite skipped="0" hostname="MD1N0QGC" name="automationTestCases.INST_12_Elec_Initial_Risk_Assessment_Page_Abort_ECOT_Chrome" tests="1" failures="0" timestamp="13 Apr 2018 14:13:21 GMT" time="114.196" errors="0">
  <testcase name="main" time="114.196" classname="automationTestCases.INST_12_Elec_Initial_Risk_Assessment_Page_Abort_ECOT_Chrome"/>
</testsuite> <!-- automationTestCases.INST_12_Elec_Initial_Risk_Assessment_Page_Abort_ECOT_Chrome -->
