<?xml version="1.0" encoding="UTF-8"?>
<!-- Generated by org.testng.reporters.JUnitReportReporter -->
<testsuite skipped="0" hostname="MD1N0QGC" name="automationTestCases.FLTY_17_Gas_Meter_Pre_Installation_Gas_Tightness_Test_Low_Pressure_Abort_Chrome" tests="1" failures="0" timestamp="14 Mar 2018 18:22:56 GMT" time="124.347" errors="0">
  <testcase name="main" time="124.347" classname="automationTestCases.FLTY_17_Gas_Meter_Pre_Installation_Gas_Tightness_Test_Low_Pressure_Abort_Chrome"/>
</testsuite> <!-- automationTestCases.FLTY_17_Gas_Meter_Pre_Installation_Gas_Tightness_Test_Low_Pressure_Abort_Chrome -->
