<?xml version="1.0" encoding="UTF-8"?>
<!-- Generated by org.testng.reporters.JUnitReportReporter -->
<testsuite skipped="0" hostname="MD1N0QGC" name="automationTestCases.Exchange_5_End_To_End_Chrome" tests="1" failures="0" timestamp="21 Mar 2018 18:02:37 GMT" time="85.098" errors="0">
  <testcase name="main" time="85.098" classname="automationTestCases.Exchange_5_End_To_End_Chrome"/>
</testsuite> <!-- automationTestCases.Exchange_5_End_To_End_Chrome -->
