<?xml version="1.0" encoding="UTF-8"?>
<!-- Generated by org.testng.reporters.JUnitReportReporter -->
<testsuite skipped="0" hostname="MD1N0QGC" name="automationTestCases.Exchange_9_Gas_Risk_Assessment_Gas_Abort_Low_Pressure_Chrome" tests="1" failures="0" timestamp="14 Mar 2018 18:22:55 GMT" time="120.064" errors="0">
  <testcase name="main" time="120.064" classname="automationTestCases.Exchange_9_Gas_Risk_Assessment_Gas_Abort_Low_Pressure_Chrome"/>
</testsuite> <!-- automationTestCases.Exchange_9_Gas_Risk_Assessment_Gas_Abort_Low_Pressure_Chrome -->
