<?xml version="1.0" encoding="UTF-8"?>
<!-- Generated by org.testng.reporters.JUnitReportReporter -->
<testsuite skipped="0" hostname="MD1N0QGC" name="automationTestCases.Asset_Management_Add_Assets_Chrome" tests="1" failures="0" timestamp="25 Apr 2019 15:32:04 GMT" time="109.065" errors="0">
  <testcase name="main" time="109.065" classname="automationTestCases.Asset_Management_Add_Assets_Chrome"/>
</testsuite> <!-- automationTestCases.Asset_Management_Add_Assets_Chrome -->
