<?xml version="1.0" encoding="UTF-8"?>
<!-- Generated by org.testng.reporters.JUnitReportReporter -->
<testsuite skipped="0" hostname="MD1N0QGC" name="automationTestCases.INST_12_Appointment_Details_Page_Abort_No_Access_ECOT_Chrome" tests="1" failures="0" timestamp="13 Apr 2018 15:14:32 GMT" time="50.871" errors="0">
  <testcase name="main" time="50.871" classname="automationTestCases.INST_12_Appointment_Details_Page_Abort_No_Access_ECOT_Chrome"/>
</testsuite> <!-- automationTestCases.INST_12_Appointment_Details_Page_Abort_No_Access_ECOT_Chrome -->
