<?xml version="1.0" encoding="UTF-8"?>
<!-- Generated by org.testng.reporters.JUnitReportReporter -->
<testsuite skipped="0" hostname="MD1N0QGC" name="automationTestCases.INST_5_End_To_End_Chrome" tests="1" failures="0" timestamp="21 Mar 2018 18:02:36 GMT" time="75.137" errors="0">
  <testcase name="main" time="75.137" classname="automationTestCases.INST_5_End_To_End_Chrome"/>
</testsuite> <!-- automationTestCases.INST_5_End_To_End_Chrome -->
