<?xml version="1.0" encoding="UTF-8"?>
<!-- Generated by org.testng.reporters.JUnitReportReporter -->
<testsuite skipped="0" hostname="MD1N0QGC" name="automationTestCases.Exchange_1_Gas_Meter_Initial_Risk_Assessment_Gas_Abort_Chrome" tests="1" failures="0" timestamp="04 Jan 2018 17:20:39 GMT" time="46.230" errors="0">
  <testcase name="main" time="46.230" classname="automationTestCases.Exchange_1_Gas_Meter_Initial_Risk_Assessment_Gas_Abort_Chrome"/>
</testsuite> <!-- automationTestCases.Exchange_1_Gas_Meter_Initial_Risk_Assessment_Gas_Abort_Chrome -->
