<?xml version="1.0" encoding="UTF-8"?>
<!-- Generated by org.testng.reporters.JUnitReportReporter -->
<testsuite skipped="0" hostname="MD1N0QGC" name="automationTestCases.Exchange_9_Elec_Suitable_For_Smart_Installation_Page_Abort_Chrome" tests="1" failures="0" timestamp="05 Jan 2018 18:15:17 GMT" time="77.190" errors="0">
  <testcase name="main" time="77.190" classname="automationTestCases.Exchange_9_Elec_Suitable_For_Smart_Installation_Page_Abort_Chrome"/>
</testsuite> <!-- automationTestCases.Exchange_9_Elec_Suitable_For_Smart_Installation_Page_Abort_Chrome -->
