<?xml version="1.0" encoding="UTF-8"?>
<!-- Generated by org.testng.reporters.JUnitReportReporter -->
<testsuite skipped="0" hostname="MD1N0QGC" name="automationTestCases.Exchange_9_Elec_HAN_WAN_Checks_Page_Abort_Chrome" tests="1" failures="0" timestamp="21 Mar 2018 18:02:36 GMT" time="117.714" errors="0">
  <testcase name="main" time="117.714" classname="automationTestCases.Exchange_9_Elec_HAN_WAN_Checks_Page_Abort_Chrome"/>
</testsuite> <!-- automationTestCases.Exchange_9_Elec_HAN_WAN_Checks_Page_Abort_Chrome -->
